[2017-03-28 09:51:23] execute_task: /usr/local/php/bin/php index.php /Home/TimerTask/checkPendingPubPosts php_timer_000000003520a765000055e42d5e4a76 >/dev/null &
[2017-03-28 10:43:41] add task通信数据包非法!{"body":{"command":"\/usr\/local\/php\/bin\/php index.php yourfunc","title":"\u68c0\u67e5...","triggerTime":1490669041},"signature":"154239cb6364ae79cc4f061cbd3f8980"}
[2017-03-28 10:45:14] add task通信数据包非法!{"body":{"command":"\/usr\/local\/php\/bin\/php index.php yourfunc","title":"\u68c0\u67e5...","triggerTime":1490669133},"signature":"dec6583e75f02a99841d6c2e9957f319"}
[2017-03-28 10:45:36] execute_task: /usr/local/php/bin/php index.php yourfunc php_timer_000000004e3b596a000056482441ded9 >/dev/null &
[2017-03-28 10:48:41] execute_task: /usr/local/php/bin/php index.php yourfunc php_timer_000000004e3b5968000056482441ded9 >/dev/null &
[2017-03-28 13:50:13] {"type":2,"message":"fclose() expects parameter 1 to be resource, null given","file":"\/data\/www\/ptimer\/App\/Server\/ptimer.php","line":477}
[2017-03-28 13:50:15] {"type":1,"message":"Uncaught exception 'Exception' with message 'Pls set task title!' in \/data\/www\/ptimer\/App\/task.php:65\nStack trace:\n#0 \/data\/www\/ptimer\/App\/Server\/ptimer.php(189): Ptimer\\task->__construct('cd \/data\/www\/te...', 3, 1490260754, true, NULL, NULL, NULL)\n#1 \/data\/www\/ptimer\/App\/Server\/ptimer.php(36): Ptimer\\ptimer->loadTasks()\n#2 \/data\/www\/ptimer\/App\/Server\/ptimer.php(492): Ptimer\\ptimer::start()\n#3 {main}\n  thrown","file":"\/data\/www\/ptimer\/App\/task.php","line":65}
[2017-03-28 14:06:37] execute_task: cd /data/www/test.api.yingqiu.com/ && /usr/local/php/bin/php index.php /Collect/Index/timerStatAllUserRank php_timer_00000000159e1c27000000003850eb38 >/dev/null &
[2017-03-28 14:06:37] execute_task: cd /data/www/test.api.yingqiu.com/ && /usr/local/php/bin/php index.php /Home/TimerTask/checkPendingPubPosts php_timer_0000000011bd24b000000000151e4fe8 >/dev/null &
[2017-03-28 14:07:36] execute_task: cd /data/www/test.api.yingqiu.com/ && /usr/local/php/bin/php index.php /Home/TimerTask/checkPendingPubPosts php_timer_0000000011bd24b000000000151e4fe8 >/dev/null &
[2017-03-28 14:08:36] execute_task: cd /data/www/test.api.yingqiu.com/ && /usr/local/php/bin/php index.php /Home/TimerTask/checkPendingPubPosts php_timer_0000000011bd24b000000000151e4fe8 >/dev/null &
[2017-03-28 14:09:36] execute_task: cd /data/www/test.api.yingqiu.com/ && /usr/local/php/bin/php index.php /Home/TimerTask/checkPendingPubPosts php_timer_0000000011bd24b000000000151e4fe8 >/dev/null &
[2017-03-28 14:10:36] execute_task: cd /data/www/test.api.yingqiu.com/ && /usr/local/php/bin/php index.php /Home/TimerTask/checkPendingPubPosts php_timer_0000000011bd24b000000000151e4fe8 >/dev/null &
[2017-03-28 14:11:36] execute_task: cd /data/www/test.api.yingqiu.com/ && /usr/local/php/bin/php index.php /Home/TimerTask/checkPendingPubPosts php_timer_0000000011bd24b000000000151e4fe8 >/dev/null &
[2017-03-28 14:12:36] execute_task: cd /data/www/test.api.yingqiu.com/ && /usr/local/php/bin/php index.php /Home/TimerTask/checkPendingPubPosts php_timer_0000000011bd24b000000000151e4fe8 >/dev/null &
[2017-03-28 14:13:36] execute_task: cd /data/www/test.api.yingqiu.com/ && /usr/local/php/bin/php index.php /Home/TimerTask/checkPendingPubPosts php_timer_0000000011bd24b000000000151e4fe8 >/dev/null &
[2017-03-28 14:14:36] execute_task: cd /data/www/test.api.yingqiu.com/ && /usr/local/php/bin/php index.php /Home/TimerTask/checkPendingPubPosts php_timer_0000000011bd24b000000000151e4fe8 >/dev/null &
[2017-03-28 14:15:36] execute_task: cd /data/www/test.api.yingqiu.com/ && /usr/local/php/bin/php index.php /Home/TimerTask/checkPendingPubPosts php_timer_0000000011bd24b000000000151e4fe8 >/dev/null &
[2017-03-28 14:16:36] execute_task: cd /data/www/test.api.yingqiu.com/ && /usr/local/php/bin/php index.php /Home/TimerTask/checkPendingPubPosts php_timer_0000000011bd24b000000000151e4fe8 >/dev/null &
[2017-03-28 14:17:36] execute_task: cd /data/www/test.api.yingqiu.com/ && /usr/local/php/bin/php index.php /Home/TimerTask/checkPendingPubPosts php_timer_0000000011bd24b000000000151e4fe8 >/dev/null &
[2017-03-28 14:18:36] execute_task: cd /data/www/test.api.yingqiu.com/ && /usr/local/php/bin/php index.php /Home/TimerTask/checkPendingPubPosts php_timer_0000000011bd24b000000000151e4fe8 >/dev/null &
[2017-03-28 14:19:36] execute_task: cd /data/www/test.api.yingqiu.com/ && /usr/local/php/bin/php index.php /Home/TimerTask/checkPendingPubPosts php_timer_0000000011bd24b000000000151e4fe8 >/dev/null &
[2017-03-28 14:20:36] execute_task: cd /data/www/test.api.yingqiu.com/ && /usr/local/php/bin/php index.php /Home/TimerTask/checkPendingPubPosts php_timer_0000000011bd24b000000000151e4fe8 >/dev/null &
[2017-03-28 14:21:36] execute_task: cd /data/www/test.api.yingqiu.com/ && /usr/local/php/bin/php index.php /Home/TimerTask/checkPendingPubPosts php_timer_0000000011bd24b000000000151e4fe8 >/dev/null &
[2017-03-28 14:22:36] execute_task: cd /data/www/test.api.yingqiu.com/ && /usr/local/php/bin/php index.php /Home/TimerTask/checkPendingPubPosts php_timer_0000000011bd24b000000000151e4fe8 >/dev/null &
[2017-03-28 14:23:36] execute_task: cd /data/www/test.api.yingqiu.com/ && /usr/local/php/bin/php index.php /Home/TimerTask/checkPendingPubPosts php_timer_0000000011bd24b000000000151e4fe8 >/dev/null &
[2017-03-28 14:24:36] execute_task: cd /data/www/test.api.yingqiu.com/ && /usr/local/php/bin/php index.php /Home/TimerTask/checkPendingPubPosts php_timer_0000000011bd24b000000000151e4fe8 >/dev/null &
[2017-03-28 14:25:36] execute_task: cd /data/www/test.api.yingqiu.com/ && /usr/local/php/bin/php index.php /Home/TimerTask/checkPendingPubPosts php_timer_0000000011bd24b000000000151e4fe8 >/dev/null &
[2017-03-28 14:26:36] execute_task: cd /data/www/test.api.yingqiu.com/ && /usr/local/php/bin/php index.php /Home/TimerTask/checkPendingPubPosts php_timer_0000000011bd24b000000000151e4fe8 >/dev/null &
[2017-03-28 14:27:36] execute_task: cd /data/www/test.api.yingqiu.com/ && /usr/local/php/bin/php index.php /Home/TimerTask/checkPendingPubPosts php_timer_0000000011bd24b000000000151e4fe8 >/dev/null &
[2017-03-28 14:28:36] execute_task: cd /data/www/test.api.yingqiu.com/ && /usr/local/php/bin/php index.php /Home/TimerTask/checkPendingPubPosts php_timer_0000000011bd24b000000000151e4fe8 >/dev/null &
[2017-03-28 14:29:36] execute_task: cd /data/www/test.api.yingqiu.com/ && /usr/local/php/bin/php index.php /Home/TimerTask/checkPendingPubPosts php_timer_0000000011bd24b000000000151e4fe8 >/dev/null &
[2017-03-28 14:30:36] execute_task: cd /data/www/test.api.yingqiu.com/ && /usr/local/php/bin/php index.php /Home/TimerTask/checkPendingPubPosts php_timer_0000000011bd24b000000000151e4fe8 >/dev/null &
[2017-03-28 14:31:36] execute_task: cd /data/www/test.api.yingqiu.com/ && /usr/local/php/bin/php index.php /Home/TimerTask/checkPendingPubPosts php_timer_0000000011bd24b000000000151e4fe8 >/dev/null &
[2017-03-28 14:32:36] execute_task: cd /data/www/test.api.yingqiu.com/ && /usr/local/php/bin/php index.php /Home/TimerTask/checkPendingPubPosts php_timer_0000000011bd24b000000000151e4fe8 >/dev/null &
[2017-03-28 14:33:36] execute_task: cd /data/www/test.api.yingqiu.com/ && /usr/local/php/bin/php index.php /Home/TimerTask/checkPendingPubPosts php_timer_0000000011bd24b000000000151e4fe8 >/dev/null &
[2017-03-28 14:34:36] execute_task: cd /data/www/test.api.yingqiu.com/ && /usr/local/php/bin/php index.php /Home/TimerTask/checkPendingPubPosts php_timer_0000000011bd24b000000000151e4fe8 >/dev/null &
[2017-03-28 14:35:36] execute_task: cd /data/www/test.api.yingqiu.com/ && /usr/local/php/bin/php index.php /Home/TimerTask/checkPendingPubPosts php_timer_0000000011bd24b000000000151e4fe8 >/dev/null &
[2017-03-28 14:36:36] execute_task: cd /data/www/test.api.yingqiu.com/ && /usr/local/php/bin/php index.php /Home/TimerTask/checkPendingPubPosts php_timer_0000000011bd24b000000000151e4fe8 >/dev/null &
[2017-03-28 14:37:36] execute_task: cd /data/www/test.api.yingqiu.com/ && /usr/local/php/bin/php index.php /Home/TimerTask/checkPendingPubPosts php_timer_0000000011bd24b000000000151e4fe8 >/dev/null &
[2017-03-28 14:38:36] execute_task: cd /data/www/test.api.yingqiu.com/ && /usr/local/php/bin/php index.php /Home/TimerTask/checkPendingPubPosts php_timer_0000000011bd24b000000000151e4fe8 >/dev/null &
[2017-03-28 14:39:36] execute_task: cd /data/www/test.api.yingqiu.com/ && /usr/local/php/bin/php index.php /Home/TimerTask/checkPendingPubPosts php_timer_0000000011bd24b000000000151e4fe8 >/dev/null &
[2017-03-28 14:40:36] execute_task: cd /data/www/test.api.yingqiu.com/ && /usr/local/php/bin/php index.php /Home/TimerTask/checkPendingPubPosts php_timer_0000000011bd24b000000000151e4fe8 >/dev/null &
[2017-03-28 14:41:36] execute_task: cd /data/www/test.api.yingqiu.com/ && /usr/local/php/bin/php index.php /Home/TimerTask/checkPendingPubPosts php_timer_0000000011bd24b000000000151e4fe8 >/dev/null &
[2017-03-28 14:42:36] execute_task: cd /data/www/test.api.yingqiu.com/ && /usr/local/php/bin/php index.php /Home/TimerTask/checkPendingPubPosts php_timer_0000000011bd24b000000000151e4fe8 >/dev/null &
[2017-03-28 14:43:36] execute_task: cd /data/www/test.api.yingqiu.com/ && /usr/local/php/bin/php index.php /Home/TimerTask/checkPendingPubPosts php_timer_0000000011bd24b000000000151e4fe8 >/dev/null &
[2017-03-28 14:44:36] execute_task: cd /data/www/test.api.yingqiu.com/ && /usr/local/php/bin/php index.php /Home/TimerTask/checkPendingPubPosts php_timer_0000000011bd24b000000000151e4fe8 >/dev/null &
[2017-03-28 14:45:36] execute_task: cd /data/www/test.api.yingqiu.com/ && /usr/local/php/bin/php index.php /Home/TimerTask/checkPendingPubPosts php_timer_0000000011bd24b000000000151e4fe8 >/dev/null &
[2017-03-28 14:46:36] execute_task: cd /data/www/test.api.yingqiu.com/ && /usr/local/php/bin/php index.php /Home/TimerTask/checkPendingPubPosts php_timer_0000000011bd24b000000000151e4fe8 >/dev/null &
[2017-03-28 14:47:36] execute_task: cd /data/www/test.api.yingqiu.com/ && /usr/local/php/bin/php index.php /Home/TimerTask/checkPendingPubPosts php_timer_0000000011bd24b000000000151e4fe8 >/dev/null &
[2017-03-28 14:48:36] execute_task: cd /data/www/test.api.yingqiu.com/ && /usr/local/php/bin/php index.php /Home/TimerTask/checkPendingPubPosts php_timer_0000000011bd24b000000000151e4fe8 >/dev/null &
[2017-03-28 14:49:36] execute_task: cd /data/www/test.api.yingqiu.com/ && /usr/local/php/bin/php index.php /Home/TimerTask/checkPendingPubPosts php_timer_0000000011bd24b000000000151e4fe8 >/dev/null &
[2017-03-28 14:50:36] execute_task: cd /data/www/test.api.yingqiu.com/ && /usr/local/php/bin/php index.php /Home/TimerTask/checkPendingPubPosts php_timer_0000000011bd24b000000000151e4fe8 >/dev/null &
[2017-03-28 14:51:36] execute_task: cd /data/www/test.api.yingqiu.com/ && /usr/local/php/bin/php index.php /Home/TimerTask/checkPendingPubPosts php_timer_0000000011bd24b000000000151e4fe8 >/dev/null &
[2017-03-28 14:52:36] execute_task: cd /data/www/test.api.yingqiu.com/ && /usr/local/php/bin/php index.php /Home/TimerTask/checkPendingPubPosts php_timer_0000000011bd24b000000000151e4fe8 >/dev/null &
[2017-03-28 14:53:36] execute_task: cd /data/www/test.api.yingqiu.com/ && /usr/local/php/bin/php index.php /Home/TimerTask/checkPendingPubPosts php_timer_0000000011bd24b000000000151e4fe8 >/dev/null &
[2017-03-28 14:54:36] execute_task: cd /data/www/test.api.yingqiu.com/ && /usr/local/php/bin/php index.php /Home/TimerTask/checkPendingPubPosts php_timer_0000000011bd24b000000000151e4fe8 >/dev/null &
[2017-03-28 14:55:36] execute_task: cd /data/www/test.api.yingqiu.com/ && /usr/local/php/bin/php index.php /Home/TimerTask/checkPendingPubPosts php_timer_0000000011bd24b000000000151e4fe8 >/dev/null &
[2017-03-28 14:56:36] execute_task: cd /data/www/test.api.yingqiu.com/ && /usr/local/php/bin/php index.php /Home/TimerTask/checkPendingPubPosts php_timer_0000000011bd24b000000000151e4fe8 >/dev/null &
[2017-03-28 14:56:45] execute_task: cd /data/www/HongMi-PHP && /usr/local/php/bin/php index.php /Home/TimerTask/checkPendingPubPosts php_timer_000000000901bc0d00005635491e19ae >/dev/null &
[2017-03-28 14:56:45] execute_task: cd /data/www/HongMi-PHP && /usr/local/php/bin/php index.php /Home/TimerTask/checkPendingPubPosts php_timer_000000000901bc0c00005635491e19ae >/dev/null &
[2017-03-28 14:57:36] execute_task: cd /data/www/test.api.yingqiu.com/ && /usr/local/php/bin/php index.php /Home/TimerTask/checkPendingPubPosts php_timer_0000000011bd24b000000000151e4fe8 >/dev/null &
[2017-03-28 14:58:36] execute_task: cd /data/www/test.api.yingqiu.com/ && /usr/local/php/bin/php index.php /Home/TimerTask/checkPendingPubPosts php_timer_0000000011bd24b000000000151e4fe8 >/dev/null &
[2017-03-28 14:59:36] execute_task: cd /data/www/test.api.yingqiu.com/ && /usr/local/php/bin/php index.php /Home/TimerTask/checkPendingPubPosts php_timer_0000000011bd24b000000000151e4fe8 >/dev/null &
[2017-03-28 15:00:36] execute_task: cd /data/www/test.api.yingqiu.com/ && /usr/local/php/bin/php index.php /Home/TimerTask/checkPendingPubPosts php_timer_0000000011bd24b000000000151e4fe8 >/dev/null &
[2017-03-28 15:01:36] execute_task: cd /data/www/test.api.yingqiu.com/ && /usr/local/php/bin/php index.php /Home/TimerTask/checkPendingPubPosts php_timer_0000000011bd24b000000000151e4fe8 >/dev/null &
[2017-03-28 15:02:36] execute_task: cd /data/www/test.api.yingqiu.com/ && /usr/local/php/bin/php index.php /Home/TimerTask/checkPendingPubPosts php_timer_0000000011bd24b000000000151e4fe8 >/dev/null &
[2017-03-28 15:03:36] execute_task: cd /data/www/test.api.yingqiu.com/ && /usr/local/php/bin/php index.php /Home/TimerTask/checkPendingPubPosts php_timer_0000000011bd24b000000000151e4fe8 >/dev/null &
[2017-03-28 15:04:36] execute_task: cd /data/www/test.api.yingqiu.com/ && /usr/local/php/bin/php index.php /Home/TimerTask/checkPendingPubPosts php_timer_0000000011bd24b000000000151e4fe8 >/dev/null &
[2017-03-28 15:05:36] execute_task: cd /data/www/test.api.yingqiu.com/ && /usr/local/php/bin/php index.php /Home/TimerTask/checkPendingPubPosts php_timer_0000000011bd24b000000000151e4fe8 >/dev/null &
[2017-03-28 15:06:36] execute_task: cd /data/www/test.api.yingqiu.com/ && /usr/local/php/bin/php index.php /Collect/Index/timerStatAllUserRank php_timer_00000000159e1c27000000003850eb38 >/dev/null &
[2017-03-28 15:06:36] execute_task: cd /data/www/test.api.yingqiu.com/ && /usr/local/php/bin/php index.php /Home/TimerTask/checkPendingPubPosts php_timer_0000000011bd24b000000000151e4fe8 >/dev/null &
[2017-03-28 15:07:36] execute_task: cd /data/www/test.api.yingqiu.com/ && /usr/local/php/bin/php index.php /Home/TimerTask/checkPendingPubPosts php_timer_0000000011bd24b000000000151e4fe8 >/dev/null &
[2017-03-28 15:08:36] execute_task: cd /data/www/test.api.yingqiu.com/ && /usr/local/php/bin/php index.php /Home/TimerTask/checkPendingPubPosts php_timer_0000000011bd24b000000000151e4fe8 >/dev/null &
[2017-03-28 15:09:36] execute_task: cd /data/www/test.api.yingqiu.com/ && /usr/local/php/bin/php index.php /Home/TimerTask/checkPendingPubPosts php_timer_0000000011bd24b000000000151e4fe8 >/dev/null &
[2017-03-28 15:10:36] execute_task: cd /data/www/test.api.yingqiu.com/ && /usr/local/php/bin/php index.php /Home/TimerTask/checkPendingPubPosts php_timer_0000000011bd24b000000000151e4fe8 >/dev/null &
[2017-03-28 15:11:36] execute_task: cd /data/www/test.api.yingqiu.com/ && /usr/local/php/bin/php index.php /Home/TimerTask/checkPendingPubPosts php_timer_0000000011bd24b000000000151e4fe8 >/dev/null &
[2017-03-28 15:12:36] execute_task: cd /data/www/test.api.yingqiu.com/ && /usr/local/php/bin/php index.php /Home/TimerTask/checkPendingPubPosts php_timer_0000000011bd24b000000000151e4fe8 >/dev/null &
[2017-03-28 15:13:36] execute_task: cd /data/www/test.api.yingqiu.com/ && /usr/local/php/bin/php index.php /Home/TimerTask/checkPendingPubPosts php_timer_0000000011bd24b000000000151e4fe8 >/dev/null &
[2017-03-28 15:14:36] execute_task: cd /data/www/test.api.yingqiu.com/ && /usr/local/php/bin/php index.php /Home/TimerTask/checkPendingPubPosts php_timer_0000000011bd24b000000000151e4fe8 >/dev/null &
[2017-03-28 15:15:36] execute_task: cd /data/www/test.api.yingqiu.com/ && /usr/local/php/bin/php index.php /Home/TimerTask/checkPendingPubPosts php_timer_0000000011bd24b000000000151e4fe8 >/dev/null &
[2017-03-28 15:16:36] execute_task: cd /data/www/test.api.yingqiu.com/ && /usr/local/php/bin/php index.php /Home/TimerTask/checkPendingPubPosts php_timer_0000000011bd24b000000000151e4fe8 >/dev/null &
[2017-03-28 15:17:36] execute_task: cd /data/www/test.api.yingqiu.com/ && /usr/local/php/bin/php index.php /Home/TimerTask/checkPendingPubPosts php_timer_0000000011bd24b000000000151e4fe8 >/dev/null &
[2017-03-28 15:18:36] execute_task: cd /data/www/test.api.yingqiu.com/ && /usr/local/php/bin/php index.php /Home/TimerTask/checkPendingPubPosts php_timer_0000000011bd24b000000000151e4fe8 >/dev/null &
[2017-03-28 15:19:36] execute_task: cd /data/www/test.api.yingqiu.com/ && /usr/local/php/bin/php index.php /Home/TimerTask/checkPendingPubPosts php_timer_0000000011bd24b000000000151e4fe8 >/dev/null &
[2017-03-28 15:20:36] execute_task: cd /data/www/test.api.yingqiu.com/ && /usr/local/php/bin/php index.php /Home/TimerTask/checkPendingPubPosts php_timer_0000000011bd24b000000000151e4fe8 >/dev/null &
[2017-03-28 15:21:36] execute_task: cd /data/www/test.api.yingqiu.com/ && /usr/local/php/bin/php index.php /Home/TimerTask/checkPendingPubPosts php_timer_0000000011bd24b000000000151e4fe8 >/dev/null &
[2017-03-28 15:22:36] execute_task: cd /data/www/test.api.yingqiu.com/ && /usr/local/php/bin/php index.php /Home/TimerTask/checkPendingPubPosts php_timer_0000000011bd24b000000000151e4fe8 >/dev/null &
[2017-03-28 15:23:36] execute_task: cd /data/www/test.api.yingqiu.com/ && /usr/local/php/bin/php index.php /Home/TimerTask/checkPendingPubPosts php_timer_0000000011bd24b000000000151e4fe8 >/dev/null &
[2017-03-28 15:24:36] execute_task: cd /data/www/test.api.yingqiu.com/ && /usr/local/php/bin/php index.php /Home/TimerTask/checkPendingPubPosts php_timer_0000000011bd24b000000000151e4fe8 >/dev/null &
[2017-03-28 15:25:36] execute_task: cd /data/www/test.api.yingqiu.com/ && /usr/local/php/bin/php index.php /Home/TimerTask/checkPendingPubPosts php_timer_0000000011bd24b000000000151e4fe8 >/dev/null &
[2017-03-28 15:26:36] execute_task: cd /data/www/test.api.yingqiu.com/ && /usr/local/php/bin/php index.php /Home/TimerTask/checkPendingPubPosts php_timer_0000000011bd24b000000000151e4fe8 >/dev/null &
[2017-03-28 15:27:36] execute_task: cd /data/www/test.api.yingqiu.com/ && /usr/local/php/bin/php index.php /Home/TimerTask/checkPendingPubPosts php_timer_0000000011bd24b000000000151e4fe8 >/dev/null &
[2017-03-28 15:28:36] execute_task: cd /data/www/test.api.yingqiu.com/ && /usr/local/php/bin/php index.php /Home/TimerTask/checkPendingPubPosts php_timer_0000000011bd24b000000000151e4fe8 >/dev/null &
[2017-03-28 15:29:36] execute_task: cd /data/www/test.api.yingqiu.com/ && /usr/local/php/bin/php index.php /Home/TimerTask/checkPendingPubPosts php_timer_0000000011bd24b000000000151e4fe8 >/dev/null &
[2017-03-28 15:30:36] execute_task: cd /data/www/test.api.yingqiu.com/ && /usr/local/php/bin/php index.php /Home/TimerTask/checkPendingPubPosts php_timer_0000000011bd24b000000000151e4fe8 >/dev/null &
[2017-03-28 15:31:36] execute_task: cd /data/www/test.api.yingqiu.com/ && /usr/local/php/bin/php index.php /Home/TimerTask/checkPendingPubPosts php_timer_0000000011bd24b000000000151e4fe8 >/dev/null &
[2017-03-28 15:32:36] execute_task: cd /data/www/test.api.yingqiu.com/ && /usr/local/php/bin/php index.php /Home/TimerTask/checkPendingPubPosts php_timer_0000000011bd24b000000000151e4fe8 >/dev/null &
[2017-03-28 15:33:36] execute_task: cd /data/www/test.api.yingqiu.com/ && /usr/local/php/bin/php index.php /Home/TimerTask/checkPendingPubPosts php_timer_0000000011bd24b000000000151e4fe8 >/dev/null &
[2017-03-28 15:34:36] execute_task: cd /data/www/test.api.yingqiu.com/ && /usr/local/php/bin/php index.php /Home/TimerTask/checkPendingPubPosts php_timer_0000000011bd24b000000000151e4fe8 >/dev/null &
[2017-03-28 15:35:36] execute_task: cd /data/www/test.api.yingqiu.com/ && /usr/local/php/bin/php index.php /Home/TimerTask/checkPendingPubPosts php_timer_0000000011bd24b000000000151e4fe8 >/dev/null &
[2017-03-28 15:36:36] execute_task: cd /data/www/test.api.yingqiu.com/ && /usr/local/php/bin/php index.php /Home/TimerTask/checkPendingPubPosts php_timer_0000000011bd24b000000000151e4fe8 >/dev/null &
[2017-03-28 15:37:36] execute_task: cd /data/www/test.api.yingqiu.com/ && /usr/local/php/bin/php index.php /Home/TimerTask/checkPendingPubPosts php_timer_0000000011bd24b000000000151e4fe8 >/dev/null &
[2017-03-28 15:38:36] execute_task: cd /data/www/test.api.yingqiu.com/ && /usr/local/php/bin/php index.php /Home/TimerTask/checkPendingPubPosts php_timer_0000000011bd24b000000000151e4fe8 >/dev/null &
[2017-03-28 15:39:36] execute_task: cd /data/www/test.api.yingqiu.com/ && /usr/local/php/bin/php index.php /Home/TimerTask/checkPendingPubPosts php_timer_0000000011bd24b000000000151e4fe8 >/dev/null &
[2017-03-28 15:40:36] execute_task: cd /data/www/test.api.yingqiu.com/ && /usr/local/php/bin/php index.php /Home/TimerTask/checkPendingPubPosts php_timer_0000000011bd24b000000000151e4fe8 >/dev/null &
[2017-03-28 15:44:45] send signal 12 to 6571 failure!
[2017-03-28 15:52:41] send signal 12 to 6571 failure!
[2017-03-28 15:52:41] send signal 12 to 6571 failure!
[2017-03-28 17:17:21] send signal 12 to 6571 failure!
